#
# A fatal error has been detected by the Java Runtime Environment:
#
#  EXCEPTION_STACK_OVERFLOW (0xc00000fd) at pc=0x000000006c504757, pid=9620, tid=0x0000000000001d7c
#
# JRE version: Java(TM) SE Runtime Environment (8.0_181-b13) (build 1.8.0_181-b13)
# Java VM: Java HotSpot(TM) 64-Bit Server VM (25.181-b13 mixed mode windows-amd64 compressed oops)
# Problematic frame:
# V  [jvm.dll+0x214757]
#
# Failed to write core dump. Minidumps are not enabled by default on client versions of Windows
#
# If you would like to submit a bug report, please visit:
#   http://bugreport.java.com/bugreport/crash.jsp
#

---------------  T H R E A D  ---------------

Current thread (0x0000000059566000):  JavaThread "JMX server connection timeout 32" daemon [_thread_in_vm, id=7548, stack(0x000000005b200000,0x000000005b300000)]

siginfo: ExceptionCode=0xc00000fd, ExceptionInformation=0x0000000000000001 0x000000005b2fa3e0 

Registers:
RAX=0x000000005b2fa3e0, RBX=0x0000000000000006, RCX=0x0000000000005000, RDX=0x0000000000000006
RSP=0x000000005b2ff3e0, RBP=0x0000000000000000, RSI=0x000000005b2ff3e0, RDI=0x0000000000000006
R8 =0x0000000000000006, R9 =0x00000000599c24c0, R10=0x0000000054c0e1d8, R11=0x000000005b20a148
R12=0x00000000599c24c0, R13=0x0000000059566000, R14=0x000000005b2ff4a8, R15=0x0000000054c0e1d8
RIP=0x000000006c504757, EFLAGS=0x0000000000010202

Top of Stack: (sp=0x000000005b2ff3e0)
0x000000005b2ff3e0:   0000000059881530 0000000014be6bd0
0x000000005b2ff3f0:   0000000059566000 00000000599c24c0
0x000000005b2ff400:   00000000ffffffff 000000006c505687
0x000000005b2ff410:   000000005b2ff510 0000000054c0e1d8
0x000000005b2ff420:   0000000059566000 000000006c3b1073
0x000000005b2ff430:   000000005b2ff470 0000000059566000
0x000000005b2ff440:   000000005b2ff500 0000000059566000
0x000000005b2ff450:   0000000054c0e1d8 0000000059566000
0x000000005b2ff460:   0000000002c23bc0 0000000059566000
0x000000005b2ff470:   0000000054c0e1d8 0000000059566000
0x000000005b2ff480:   0000000054c0e1d8 0000000059566000
0x000000005b2ff490:   0000000000000001 0000000054c0e1d8
0x000000005b2ff4a0:   0000000059566000 0000000056cbd100
0x000000005b2ff4b0:   0000000059566000 000000006c3b27dd
0x000000005b2ff4c0:   000000005b2ff7c8 0000000014be6bd0
0x000000005b2ff4d0:   0000000014be6bd0 0000000002b13d20 

Instructions: (pc=0x000000006c504757)
0x000000006c504737:   48 89 6c 24 30 33 ed 66 90 e8 9b 4e 08 00 ff c3
0x000000006c504747:   48 63 c8 48 8b c6 48 0f af cf 48 ff c7 48 2b c1
0x000000006c504757:   89 28 48 63 c3 48 3b 05 f5 80 59 00 7e db 48 8b
0x000000006c504767:   6c 24 30 48 8b 5c 24 38 48 8b 74 24 40 48 83 c4 


Register to memory mapping:

RAX=0x000000005b2fa3e0 is pointing into the stack for thread: 0x0000000059566000
RBX=0x0000000000000006 is an unknown value
RCX=0x0000000000005000 is an unknown value
RDX=0x0000000000000006 is an unknown value
RSP=0x000000005b2ff3e0 is pointing into the stack for thread: 0x0000000059566000
RBP=0x0000000000000000 is an unknown value
RSI=0x000000005b2ff3e0 is pointing into the stack for thread: 0x0000000059566000
RDI=0x0000000000000006 is an unknown value
R8 =0x0000000000000006 is an unknown value
R9 =0x00000000599c24c0 is an unknown value
R10={method} {0x0000000054c0e1e0} 'run' '()V' in 'java/lang/Thread'
R11=0x000000005b20a148 is pointing into the stack for thread: 0x0000000059566000
R12=0x00000000599c24c0 is an unknown value
R13=0x0000000059566000 is a thread
R14=0x000000005b2ff4a8 is pointing into the stack for thread: 0x0000000059566000
R15={method} {0x0000000054c0e1e0} 'run' '()V' in 'java/lang/Thread'


Stack: [0x000000005b200000,0x000000005b300000],  sp=0x000000005b2ff3e0,  free space=1020k
Native frames: (J=compiled Java code, j=interpreted, Vv=VM code, C=native code)


---------------  P R O C E S S  ---------------

Java Threads: ( => current thread )
=>0x0000000059566000 JavaThread "JMX server connection timeout 32" daemon [_thread_in_vm, id=7548, stack(0x000000005b200000,0x000000005b300000)]
  0x000000005750f800 JavaThread "RMI TCP Accept-0" daemon [_thread_in_native, id=10052, stack(0x00000000587f0000,0x00000000588f0000)]
  0x000000005750c000 JavaThread "RMI TCP Connection(2)-127.0.0.1" daemon [_thread_in_native, id=10080, stack(0x0000000058940000,0x0000000058a40000)]
  0x0000000057509800 JavaThread "RMI Scheduler(0)" daemon [_thread_blocked, id=3324, stack(0x00000000586e0000,0x00000000587e0000)]
  0x0000000057524800 JavaThread "RMI TCP Connection(1)-127.0.0.1" daemon [_thread_blocked, id=7904, stack(0x0000000058060000,0x0000000058160000)]
  0x0000000057501000 JavaThread "RMI TCP Accept-61655" daemon [_thread_in_native, id=7084, stack(0x0000000058500000,0x0000000058600000)]
  0x00000000574f7000 JavaThread "RMI TCP Accept-0" daemon [_thread_in_native, id=6820, stack(0x0000000058390000,0x0000000058490000)]
  0x000000005728b800 JavaThread "Service Thread" daemon [_thread_blocked, id=8300, stack(0x0000000057c80000,0x0000000057d80000)]
  0x00000000571fb000 JavaThread "C1 CompilerThread2" daemon [_thread_blocked, id=5752, stack(0x0000000057da0000,0x0000000057ea0000)]
  0x00000000571f1800 JavaThread "C2 CompilerThread1" daemon [_thread_blocked, id=9864, stack(0x00000000579f0000,0x0000000057af0000)]
  0x00000000571f0800 JavaThread "C2 CompilerThread0" daemon [_thread_blocked, id=6172, stack(0x0000000057b20000,0x0000000057c20000)]
  0x0000000056d6d000 JavaThread "Monitor Ctrl-Break" daemon [_thread_in_native, id=1476, stack(0x00000000565f0000,0x00000000566f0000)]
  0x00000000569d8800 JavaThread "Attach Listener" daemon [_thread_blocked, id=3412, stack(0x00000000570b0000,0x00000000571b0000)]
  0x00000000569c3000 JavaThread "Signal Dispatcher" daemon [_thread_blocked, id=8432, stack(0x0000000056ec0000,0x0000000056fc0000)]
  0x00000000555c0000 JavaThread "Finalizer" daemon [_thread_blocked, id=6272, stack(0x00000000568b0000,0x00000000569b0000)]
  0x0000000055578800 JavaThread "Reference Handler" daemon [_thread_blocked, id=5292, stack(0x0000000056710000,0x0000000056810000)]
  0x00000000028fd800 JavaThread "main" [_thread_blocked, id=9944, stack(0x0000000002a10000,0x0000000002b10000)]

Other Threads:
  0x0000000055571000 VMThread [stack: 0x0000000056460000,0x0000000056560000] [id=4112]
  0x0000000057532000 WatcherThread [stack: 0x0000000058b20000,0x0000000058c20000] [id=1208]

VM state:synchronizing (normal execution)

VM Mutex/Monitor currently owned by a thread:  ([mutex/lock_event])
[0x00000000028fbd70] Threads_lock - owner thread: 0x0000000055571000

Heap:
 PSYoungGen      total 113664K, used 78493K [0x00000000eb400000, 0x00000000f2d00000, 0x0000000100000000)
  eden space 106496K, 66% used [0x00000000eb400000,0x00000000ef9a95c0,0x00000000f1c00000)
  from space 7168K, 99% used [0x00000000f2480000,0x00000000f2b7e1f8,0x00000000f2b80000)
  to   space 8704K, 0% used [0x00000000f1c00000,0x00000000f1c00000,0x00000000f2480000)
 ParOldGen       total 35840K, used 11648K [0x00000000c1c00000, 0x00000000c3f00000, 0x00000000eb400000)
  object space 35840K, 32% used [0x00000000c1c00000,0x00000000c27602e8,0x00000000c3f00000)
 Metaspace       used 30610K, capacity 32196K, committed 32512K, reserved 1077248K
  class space    used 4182K, capacity 4492K, committed 4608K, reserved 1048576K

Card table byte_map: [0x0000000011fd0000,0x00000000121d0000] byte_map_base: 0x00000000119c2000

Marking Bits: (ParMarkBitMap*) 0x000000006cb12d00
 Begin Bits: [0x0000000012ac0000, 0x0000000013a50000)
 End Bits:   [0x0000000013a50000, 0x00000000149e0000)

Polling page: 0x0000000000140000

CodeCache: size=245760Kb used=6688Kb max_used=6688Kb free=239071Kb
 bounds [0x0000000002c10000, 0x00000000032a0000, 0x0000000011c10000]
 total_blobs=3572 nmethods=3154 adapters=330
 compilation: enabled

Compilation events (10 events):
Event: 7.192 Thread 0x00000000571fb000 3147       1       java.util.ResourceBundle$CacheKey::hashCode (5 bytes)
Event: 7.192 Thread 0x00000000571fb000 nmethod 3147 0x0000000003291110 code [0x0000000003291260, 0x0000000003291370]
Event: 7.194 Thread 0x00000000571fb000 3148       1       sun.util.locale.BaseLocale::getVariant (5 bytes)
Event: 7.194 Thread 0x00000000571fb000 nmethod 3148 0x00000000032913d0 code [0x0000000003291520, 0x0000000003291630]
Event: 7.649 Thread 0x00000000571fb000 3149  s    1       java.io.BufferedOutputStream::flush (12 bytes)
Event: 7.649 Thread 0x00000000571fb000 nmethod 3149 0x0000000003291690 code [0x0000000003291800, 0x0000000003291ad8]
Event: 7.649 Thread 0x00000000571fb000 3150       1       java.io.BufferedOutputStream::flushBuffer (29 bytes)
Event: 7.650 Thread 0x00000000571fb000 nmethod 3150 0x0000000003291bd0 code [0x0000000003291d20, 0x0000000003291e88]
Event: 7.650 Thread 0x00000000571fb000 3151       1       java.security.PermissionCollection::<init> (5 bytes)
Event: 7.650 Thread 0x00000000571fb000 nmethod 3151 0x0000000003291f10 code [0x0000000003292060, 0x0000000003292170]

GC Heap History (10 events):
Event: 2.960 GC heap before
{Heap before GC invocations=5 (full 0):
 PSYoungGen      total 35328K, used 35320K [0x00000000eb400000, 0x00000000ed900000, 0x0000000100000000)
  eden space 32768K, 100% used [0x00000000eb400000,0x00000000ed400000,0x00000000ed400000)
  from space 2560K, 99% used [0x00000000ed680000,0x00000000ed8fe010,0x00000000ed900000)
  to   space 2560K, 0% used [0x00000000ed400000,0x00000000ed400000,0x00000000ed680000)
 ParOldGen       total 44032K, used 5580K [0x00000000c1c00000, 0x00000000c4700000, 0x00000000eb400000)
  object space 44032K, 12% used [0x00000000c1c00000,0x00000000c2173120,0x00000000c4700000)
 Metaspace       used 19183K, capacity 19796K, committed 19840K, reserved 1067008K
  class space    used 2493K, capacity 2674K, committed 2688K, reserved 1048576K
Event: 2.978 GC heap after
Heap after GC invocations=5 (full 0):
 PSYoungGen      total 35328K, used 2538K [0x00000000eb400000, 0x00000000f0100000, 0x0000000100000000)
  eden space 32768K, 0% used [0x00000000eb400000,0x00000000eb400000,0x00000000ed400000)
  from space 2560K, 99% used [0x00000000ed400000,0x00000000ed67aa28,0x00000000ed680000)
  to   space 6656K, 0% used [0x00000000efa80000,0x00000000efa80000,0x00000000f0100000)
 ParOldGen       total 44032K, used 9647K [0x00000000c1c00000, 0x00000000c4700000, 0x00000000eb400000)
  object space 44032K, 21% used [0x00000000c1c00000,0x00000000c256be68,0x00000000c4700000)
 Metaspace       used 19183K, capacity 19796K, committed 19840K, reserved 1067008K
  class space    used 2493K, capacity 2674K, committed 2688K, reserved 1048576K
}
Event: 3.176 GC heap before
{Heap before GC invocations=6 (full 0):
 PSYoungGen      total 35328K, used 17235K [0x00000000eb400000, 0x00000000f0100000, 0x0000000100000000)
  eden space 32768K, 44% used [0x00000000eb400000,0x00000000ec25a280,0x00000000ed400000)
  from space 2560K, 99% used [0x00000000ed400000,0x00000000ed67aa28,0x00000000ed680000)
  to   space 6656K, 0% used [0x00000000efa80000,0x00000000efa80000,0x00000000f0100000)
 ParOldGen       total 44032K, used 9647K [0x00000000c1c00000, 0x00000000c4700000, 0x00000000eb400000)
  object space 44032K, 21% used [0x00000000c1c00000,0x00000000c256be68,0x00000000c4700000)
 Metaspace       used 20563K, capacity 21228K, committed 21296K, reserved 1067008K
  class space    used 2717K, capacity 2898K, committed 2944K, reserved 1048576K
Event: 3.183 GC heap after
Heap after GC invocations=6 (full 0):
 PSYoungGen      total 72192K, used 4484K [0x00000000eb400000, 0x00000000f0100000, 0x0000000100000000)
  eden space 65536K, 0% used [0x00000000eb400000,0x00000000eb400000,0x00000000ef400000)
  from space 6656K, 67% used [0x00000000efa80000,0x00000000efee1238,0x00000000f0100000)
  to   space 6656K, 0% used [0x00000000ef400000,0x00000000ef400000,0x00000000efa80000)
 ParOldGen       total 44032K, used 9655K [0x00000000c1c00000, 0x00000000c4700000, 0x00000000eb400000)
  object space 44032K, 21% used [0x00000000c1c00000,0x00000000c256de68,0x00000000c4700000)
 Metaspace       used 20563K, capacity 21228K, committed 21296K, reserved 1067008K
  class space    used 2717K, capacity 2898K, committed 2944K, reserved 1048576K
}
Event: 3.183 GC heap before
{Heap before GC invocations=7 (full 1):
 PSYoungGen      total 72192K, used 4484K [0x00000000eb400000, 0x00000000f0100000, 0x0000000100000000)
  eden space 65536K, 0% used [0x00000000eb400000,0x00000000eb400000,0x00000000ef400000)
  from space 6656K, 67% used [0x00000000efa80000,0x00000000efee1238,0x00000000f0100000)
  to   space 6656K, 0% used [0x00000000ef400000,0x00000000ef400000,0x00000000efa80000)
 ParOldGen       total 44032K, used 9655K [0x00000000c1c00000, 0x00000000c4700000, 0x00000000eb400000)
  object space 44032K, 21% used [0x00000000c1c00000,0x00000000c256de68,0x00000000c4700000)
 Metaspace       used 20563K, capacity 21228K, committed 21296K, reserved 1067008K
  class space    used 2717K, capacity 2898K, committed 2944K, reserved 1048576K
Event: 3.244 GC heap after
Heap after GC invocations=7 (full 1):
 PSYoungGen      total 72192K, used 0K [0x00000000eb400000, 0x00000000f0100000, 0x0000000100000000)
  eden space 65536K, 0% used [0x00000000eb400000,0x00000000eb400000,0x00000000ef400000)
  from space 6656K, 0% used [0x00000000efa80000,0x00000000efa80000,0x00000000f0100000)
  to   space 6656K, 0% used [0x00000000ef400000,0x00000000ef400000,0x00000000efa80000)
 ParOldGen       total 35840K, used 9851K [0x00000000c1c00000, 0x00000000c3f00000, 0x00000000eb400000)
  object space 35840K, 27% used [0x00000000c1c00000,0x00000000c259ee10,0x00000000c3f00000)
 Metaspace       used 20563K, capacity 21228K, committed 21296K, reserved 1067008K
  class space    used 2717K, capacity 2898K, committed 2944K, reserved 1048576K
}
Event: 5.474 GC heap before
{Heap before GC invocations=8 (full 1):
 PSYoungGen      total 72192K, used 65536K [0x00000000eb400000, 0x00000000f0100000, 0x0000000100000000)
  eden space 65536K, 100% used [0x00000000eb400000,0x00000000ef400000,0x00000000ef400000)
  from space 6656K, 0% used [0x00000000efa80000,0x00000000efa80000,0x00000000f0100000)
  to   space 6656K, 0% used [0x00000000ef400000,0x00000000ef400000,0x00000000efa80000)
 ParOldGen       total 35840K, used 9851K [0x00000000c1c00000, 0x00000000c3f00000, 0x00000000eb400000)
  object space 35840K, 27% used [0x00000000c1c00000,0x00000000c259ee10,0x00000000c3f00000)
 Metaspace       used 22964K, capacity 23856K, committed 24064K, reserved 1071104K
  class space    used 3068K, capacity 3286K, committed 3328K, reserved 1048576K
Event: 5.484 GC heap after
Heap after GC invocations=8 (full 1):
 PSYoungGen      total 72192K, used 6634K [0x00000000eb400000, 0x00000000f2b80000, 0x0000000100000000)
  eden space 65536K, 0% used [0x00000000eb400000,0x00000000eb400000,0x00000000ef400000)
  from space 6656K, 99% used [0x00000000ef400000,0x00000000efa7ab68,0x00000000efa80000)
  to   space 7168K, 0% used [0x00000000f2480000,0x00000000f2480000,0x00000000f2b80000)
 ParOldGen       total 35840K, used 9874K [0x00000000c1c00000, 0x00000000c3f00000, 0x00000000eb400000)
  object space 35840K, 27% used [0x00000000c1c00000,0x00000000c25a4850,0x00000000c3f00000)
 Metaspace       used 22964K, capacity 23856K, committed 24064K, reserved 1071104K
  class space    used 3068K, capacity 3286K, committed 3328K, reserved 1048576K
}
Event: 5.951 GC heap before
{Heap before GC invocations=9 (full 1):
 PSYoungGen      total 72192K, used 72170K [0x00000000eb400000, 0x00000000f2b80000, 0x0000000100000000)
  eden space 65536K, 100% used [0x00000000eb400000,0x00000000ef400000,0x00000000ef400000)
  from space 6656K, 99% used [0x00000000ef400000,0x00000000efa7ab68,0x00000000efa80000)
  to   space 7168K, 0% used [0x00000000f2480000,0x00000000f2480000,0x00000000f2b80000)
 ParOldGen       total 35840K, used 9874K [0x00000000c1c00000, 0x00000000c3f00000, 0x00000000eb400000)
  object space 35840K, 27% used [0x00000000c1c00000,0x00000000c25a4850,0x00000000c3f00000)
 Metaspace       used 26483K, capacity 27488K, committed 27648K, reserved 1073152K
  class space    used 3587K, capacity 3802K, committed 3840K, reserved 1048576K
Event: 5.961 GC heap after
Heap after GC invocations=9 (full 1):
 PSYoungGen      total 113664K, used 7160K [0x00000000eb400000, 0x00000000f2d00000, 0x0000000100000000)
  eden space 106496K, 0% used [0x00000000eb400000,0x00000000eb400000,0x00000000f1c00000)
  from space 7168K, 99% used [0x00000000f2480000,0x00000000f2b7e1f8,0x00000000f2b80000)
  to   space 8704K, 0% used [0x00000000f1c00000,0x00000000f1c00000,0x00000000f2480000)
 ParOldGen       total 35840K, used 11648K [0x00000000c1c00000, 0x00000000c3f00000, 0x00000000eb400000)
  object space 35840K, 32% used [0x00000000c1c00000,0x00000000c27602e8,0x00000000c3f00000)
 Metaspace       used 26483K, capacity 27488K, committed 27648K, reserved 1073152K
  class space    used 3587K, capacity 3802K, committed 3840K, reserved 1048576K
}

Deoptimization events (0 events):
No events

Classes redefined (0 events):
No events

Internal exceptions (10 events):
Event: 7.060 Thread 0x00000000028fd800 Exception <a 'java/lang/ArrayIndexOutOfBoundsException'> (0x00000000eef7a9c8) thrown at [C:\re\workspace\8-2-build-windows-amd64-cygwin\jdk8u181\11358\hotspot\src\share\vm\runtime\sharedRuntime.cpp, line 605]
Event: 7.071 Thread 0x00000000028fd800 Exception <a 'java/lang/ArrayIndexOutOfBoundsException'> (0x00000000ef03c978) thrown at [C:\re\workspace\8-2-build-windows-amd64-cygwin\jdk8u181\11358\hotspot\src\share\vm\runtime\sharedRuntime.cpp, line 605]
Event: 7.074 Thread 0x00000000028fd800 Exception <a 'java/lang/ArrayIndexOutOfBoundsException'> (0x00000000ef06b6c0) thrown at [C:\re\workspace\8-2-build-windows-amd64-cygwin\jdk8u181\11358\hotspot\src\share\vm\runtime\sharedRuntime.cpp, line 605]
Event: 7.074 Thread 0x00000000028fd800 Exception <a 'java/lang/ArrayIndexOutOfBoundsException'> (0x00000000ef06d658) thrown at [C:\re\workspace\8-2-build-windows-amd64-cygwin\jdk8u181\11358\hotspot\src\share\vm\runtime\sharedRuntime.cpp, line 605]
Event: 7.077 Thread 0x00000000028fd800 Exception <a 'java/lang/ArrayIndexOutOfBoundsException'> (0x00000000ef09dfc0) thrown at [C:\re\workspace\8-2-build-windows-amd64-cygwin\jdk8u181\11358\hotspot\src\share\vm\runtime\sharedRuntime.cpp, line 605]
Event: 7.144 Thread 0x000000005750c000 Exception <a 'java/lang/reflect/InvocationTargetException'> (0x00000000ec366a50) thrown at [C:\re\workspace\8-2-build-windows-amd64-cygwin\jdk8u181\11358\hotspot\src\share\vm\runtime\reflection.cpp, line 1092]
Event: 7.152 Thread 0x00000000028fd800 Exception <a 'java/lang/ArrayIndexOutOfBoundsException'> (0x00000000ef523c88) thrown at [C:\re\workspace\8-2-build-windows-amd64-cygwin\jdk8u181\11358\hotspot\src\share\vm\runtime\sharedRuntime.cpp, line 605]
Event: 7.152 Thread 0x00000000028fd800 Exception <a 'java/lang/ArrayIndexOutOfBoundsException'> (0x00000000ef524fd0) thrown at [C:\re\workspace\8-2-build-windows-amd64-cygwin\jdk8u181\11358\hotspot\src\share\vm\runtime\sharedRuntime.cpp, line 605]
Event: 7.152 Thread 0x00000000028fd800 Exception <a 'java/lang/ArrayIndexOutOfBoundsException'> (0x00000000ef526818) thrown at [C:\re\workspace\8-2-build-windows-amd64-cygwin\jdk8u181\11358\hotspot\src\share\vm\runtime\sharedRuntime.cpp, line 605]
Event: 7.153 Thread 0x00000000028fd800 Exception <a 'java/lang/ArrayIndexOutOfBoundsException'> (0x00000000ef545280) thrown at [C:\re\workspace\8-2-build-windows-amd64-cygwin\jdk8u181\11358\hotspot\src\share\vm\runtime\sharedRuntime.cpp, line 605]

Events (10 events):
Event: 7.194 loading class org/apache/catalina/connector/LocalStrings_zh_Hans_CN done
Event: 7.195 loading class org/apache/catalina/LifecycleState
Event: 7.195 loading class org/apache/catalina/LifecycleState done
Event: 7.195 loading class org/apache/tomcat/jni/Library
Event: 7.195 loading class org/apache/tomcat/jni/Library done
Event: 7.196 loading class java/lang/UnsatisfiedLinkError
Event: 7.196 loading class java/lang/UnsatisfiedLinkError done
Event: 7.196 loading class java/lang/ClassLoaderHelper
Event: 7.196 loading class java/lang/ClassLoaderHelper done
Event: 7.650 Thread 0x0000000059566000 Thread added: 0x0000000059566000


Dynamic libraries:
0x000000013fd30000 - 0x000000013fd67000 	C:\Program Files\Java\jdk1.8.0_181\bin\java.exe
0x0000000077c50000 - 0x0000000077def000 	C:\Windows\SYSTEM32\ntdll.dll
0x0000000077b30000 - 0x0000000077c4f000 	C:\Windows\system32\kernel32.dll
0x000007fefdd50000 - 0x000007fefddba000 	C:\Windows\system32\KERNELBASE.dll
0x000007fefe5b0000 - 0x000007fefe68b000 	C:\Windows\system32\ADVAPI32.dll
0x000007fefe9c0000 - 0x000007fefea5f000 	C:\Windows\system32\msvcrt.dll
0x000007fefe900000 - 0x000007fefe91f000 	C:\Windows\SYSTEM32\sechost.dll
0x000007fefe200000 - 0x000007fefe32d000 	C:\Windows\system32\RPCRT4.dll
0x0000000077a30000 - 0x0000000077b2a000 	C:\Windows\system32\USER32.dll
0x000007fefef90000 - 0x000007fefeff7000 	C:\Windows\system32\GDI32.dll
0x000007fefe760000 - 0x000007fefe76e000 	C:\Windows\system32\LPK.dll
0x000007fefeec0000 - 0x000007fefef8a000 	C:\Windows\system32\USP10.dll
0x000007fefc360000 - 0x000007fefc554000 	C:\Windows\WinSxS\amd64_microsoft.windows.common-controls_6595b64144ccf1df_6.0.7601.18837_none_fa3b1e3d17594757\COMCTL32.dll
0x000007fefe180000 - 0x000007fefe1f1000 	C:\Windows\system32\SHLWAPI.dll
0x000007fefd9d0000 - 0x000007fefda27000 	C:\Windows\system32\apphelp.dll
0x000007feee170000 - 0x000007feee1c1000 	C:\Windows\AppPatch\AppPatch64\AcGenral.DLL
0x000007fefd9a0000 - 0x000007fefd9c5000 	C:\Windows\system32\SspiCli.dll
0x000007fefecc0000 - 0x000007fefeebf000 	C:\Windows\system32\ole32.dll
0x000007feff080000 - 0x000007feffe0a000 	C:\Windows\system32\SHELL32.dll
0x0000000074b70000 - 0x0000000074b73000 	C:\Windows\system32\sfc.dll
0x000007fef9fd0000 - 0x000007fef9fe0000 	C:\Windows\system32\sfc_os.DLL
0x000007fefce90000 - 0x000007fefceae000 	C:\Windows\system32\USERENV.dll
0x000007fefdb40000 - 0x000007fefdb4f000 	C:\Windows\system32\profapi.dll
0x000007fefb290000 - 0x000007fefb2a8000 	C:\Windows\system32\dwmapi.dll
0x000007fef9200000 - 0x000007fef9218000 	C:\Windows\system32\MPR.dll
0x000007fefe440000 - 0x000007fefe46e000 	C:\Windows\system32\IMM32.DLL
0x000007fefe330000 - 0x000007fefe439000 	C:\Windows\system32\MSCTF.dll
0x000000006e930000 - 0x000000006ea02000 	C:\Program Files\Java\jdk1.8.0_181\jre\bin\msvcr100.dll
0x000000006c2f0000 - 0x000000006cb92000 	C:\Program Files\Java\jdk1.8.0_181\jre\bin\server\jvm.dll
0x000007feefd60000 - 0x000007feefd69000 	C:\Windows\system32\WSOCK32.dll
0x000007fefdf50000 - 0x000007fefdf9d000 	C:\Windows\system32\WS2_32.dll
0x000007fefe6b0000 - 0x000007fefe6b8000 	C:\Windows\system32\NSI.dll
0x000007fef8ad0000 - 0x000007fef8b0b000 	C:\Windows\system32\WINMM.dll
0x000007fefcc50000 - 0x000007fefcc5c000 	C:\Windows\system32\VERSION.dll
0x0000000077e00000 - 0x0000000077e07000 	C:\Windows\system32\PSAPI.DLL
0x000000006fed0000 - 0x000000006fedf000 	C:\Program Files\Java\jdk1.8.0_181\jre\bin\verify.dll
0x000000006ea90000 - 0x000000006eab9000 	C:\Program Files\Java\jdk1.8.0_181\jre\bin\java.dll
0x0000000068c80000 - 0x0000000068ca3000 	C:\Program Files\Java\jdk1.8.0_181\jre\bin\instrument.dll
0x000000006ea70000 - 0x000000006ea86000 	C:\Program Files\Java\jdk1.8.0_181\jre\bin\zip.dll
0x000007fefb330000 - 0x000007fefb34a000 	D:\IntelliJ IDEA 2018.2.4\bin\breakgen64.dll
0x000000006e910000 - 0x000000006e92a000 	C:\Program Files\Java\jdk1.8.0_181\jre\bin\net.dll
0x000007fefd370000 - 0x000007fefd3c5000 	C:\Windows\system32\mswsock.dll
0x000007fefd360000 - 0x000007fefd367000 	C:\Windows\System32\wship6.dll
0x00000000698c0000 - 0x00000000698cd000 	C:\Program Files\Java\jdk1.8.0_181\jre\bin\management.dll
0x000000006e8f0000 - 0x000000006e901000 	C:\Program Files\Java\jdk1.8.0_181\jre\bin\nio.dll
0x000007fefbe20000 - 0x000007fefbe35000 	C:\Windows\system32\NLAapi.dll
0x000007fef9b00000 - 0x000007fef9b15000 	C:\Windows\system32\napinsp.dll
0x000007fef9ae0000 - 0x000007fef9af9000 	C:\Windows\system32\pnrpnsp.dll
0x000007fefd1f0000 - 0x000007fefd24b000 	C:\Windows\system32\DNSAPI.dll
0x000007fefa5c0000 - 0x000007fefa5cb000 	C:\Windows\System32\winrnr.dll
0x000007fef9cb0000 - 0x000007fef9cc0000 	C:\Windows\system32\wshbth.dll
0x000007fefcd70000 - 0x000007fefcd77000 	C:\Windows\System32\wshtcpip.dll
0x000007fefbcb0000 - 0x000007fefbcd7000 	C:\Windows\system32\IPHLPAPI.DLL
0x000007fefbca0000 - 0x000007fefbcab000 	C:\Windows\system32\WINNSI.DLL
0x000007fefa880000 - 0x000007fefa888000 	C:\Windows\system32\rasadhlp.dll
0x000007fefbb70000 - 0x000007fefbbc3000 	C:\Windows\System32\fwpuclnt.dll
0x000007fefd3d0000 - 0x000007fefd3e8000 	C:\Windows\system32\CRYPTSP.dll
0x000007fefd0d0000 - 0x000007fefd117000 	C:\Windows\system32\rsaenh.dll
0x000007fefda70000 - 0x000007fefda7f000 	C:\Windows\system32\CRYPTBASE.dll
0x000007fefb9a0000 - 0x000007fefb9b8000 	C:\Windows\system32\dhcpcsvc.DLL
0x000007fefb980000 - 0x000007fefb991000 	C:\Windows\system32\dhcpcsvc6.DLL

VM Arguments:
jvm_args: -XX:TieredStopAtLevel=1 -Xverify:none -Dspring.output.ansi.enabled=always -Dcom.sun.management.jmxremote -Dcom.sun.management.jmxremote.port=61655 -Dcom.sun.management.jmxremote.authenticate=false -Dcom.sun.management.jmxremote.ssl=false -Djava.rmi.server.hostname=localhost -Dspring.liveBeansView.mbeanDomain -Dspring.application.admin.enabled=true -javaagent:D:\IntelliJ IDEA 2018.2.4\lib\idea_rt.jar=61656:D:\IntelliJ IDEA 2018.2.4\bin -Dfile.encoding=UTF-8 
java_command: com.admin.AdminApplication
java_class_path (initial): C:\Program Files\Java\jdk1.8.0_181\jre\lib\charsets.jar;C:\Program Files\Java\jdk1.8.0_181\jre\lib\deploy.jar;C:\Program Files\Java\jdk1.8.0_181\jre\lib\ext\access-bridge-64.jar;C:\Program Files\Java\jdk1.8.0_181\jre\lib\ext\cldrdata.jar;C:\Program Files\Java\jdk1.8.0_181\jre\lib\ext\dnsns.jar;C:\Program Files\Java\jdk1.8.0_181\jre\lib\ext\jaccess.jar;C:\Program Files\Java\jdk1.8.0_181\jre\lib\ext\jfxrt.jar;C:\Program Files\Java\jdk1.8.0_181\jre\lib\ext\localedata.jar;C:\Program Files\Java\jdk1.8.0_181\jre\lib\ext\nashorn.jar;C:\Program Files\Java\jdk1.8.0_181\jre\lib\ext\sunec.jar;C:\Program Files\Java\jdk1.8.0_181\jre\lib\ext\sunjce_provider.jar;C:\Program Files\Java\jdk1.8.0_181\jre\lib\ext\sunmscapi.jar;C:\Program Files\Java\jdk1.8.0_181\jre\lib\ext\sunpkcs11.jar;C:\Program Files\Java\jdk1.8.0_181\jre\lib\ext\zipfs.jar;C:\Program Files\Java\jdk1.8.0_181\jre\lib\javaws.jar;C:\Program Files\Java\jdk1.8.0_181\jre\lib\jce.jar;C:\Program Files\Java\jdk1.8.0_181\jre\lib\jfr.jar;C:\Program Files\Java\jdk1.8.0_181\jre\lib\jfxswt.jar;C:\Program Files\Java\jdk1.8.0_181\jre\lib\jsse.jar;C:\Program Files\Java\jdk1.8.0_181\jre\lib\management-agent.jar;C:\Program Files\Java\jdk1.8.0_181\jre\lib\plugin.jar;C:\Program Files\Java\jdk1.8.0_181\jre\lib\resources.jar;C:\Program Files\Java\jdk1.8.0_181\jre\lib\rt.jar;E:\ideaWorkSpace\admin\target\classes;D:\Maven\bendicangku\org\springframework\boot\spring-boot-starter-web\2.1.1.RELEASE\spring-boot-starter-web-2.1.1.RELEASE.jar;D:\Maven\bendicangku\org\springframework\boot\spring-boot-starter\2.1.1.RELEASE\spring-boot-starter-2.1.1.RELEASE.jar;D:\Maven\bendicangku\org\springframework\boot\spring-boot\2.1.1.RELEASE\spring-boot-2.1.1.RELEASE.jar;D:\Maven\bendicangku\org\springframework\boot\spring-boot-starter-logging\2.1.1.RELEASE\spring-boot-starter-logging-2.1.1.RELEASE.jar;D:\Maven\bendicangku\ch\qos\logback\logback-classic\1.2.3\logback-classic-1.2.3.jar;D:\Maven\bendicangku\ch\qos\logback\logback-cor
Launcher Type: SUN_STANDARD

Environment Variables:
JAVA_HOME=C:\Program Files\Java\jdk1.8.0_181
CLASSPATH=.;C:\Program Files\Java\jdk1.8.0_181\lib;C:\Program Files\Java\jdk1.8.0_181\lib\tools.jar;
PATH=C:\Program Files (x86)\Common Files\Oracle\Java\javapath;C:\Program Files\Java\jdk1.8.0_181\bin;C:\Program Files\MySQL\MySQL Server 5.5\bin；%CALTALINA_HOME%\bin;;CATALINA_HOME%\bin;E:\sdlihdroighdlghdf\MyEclipse 10\File\New\Web Project\tomcat\lib;D:\Maven\apache-maven-3.5.4\bin;C:\Program Files\TortoiseSVN\bin;D:\新建文件夹\;D:\G;t\cmd;D:\Git\cmd;C:\Program Files\erl7.1\bin;C:\Windows/system32;C:\Windows;D:\gradle\gradle-5.0\bin;C:\Users\Administrator\AppData\Roaming\npm
USERNAME=Administrator
OS=Windows_NT
PROCESSOR_IDENTIFIER=Intel64 Family 6 Model 69 Stepping 1, GenuineIntel



---------------  S Y S T E M  ---------------

OS: Windows 7 , 64 bit Build 7601 (6.1.7601.24308)

CPU:total 4 (initial active 4) (2 cores per cpu, 2 threads per core) family 6 model 69 stepping 1, cmov, cx8, fxsr, mmx, sse, sse2, sse3, ssse3, sse4.1, sse4.2, popcnt, avx, avx2, aes, clmul, erms, lzcnt, ht, tsc, tscinvbit, bmi1, bmi2

Memory: 4k page, physical 4075888k(490004k free), swap 6187524k(4652k free)

vm_info: Java HotSpot(TM) 64-Bit Server VM (25.181-b13) for windows-amd64 JRE (1.8.0_181-b13), built on Jul  7 2018 04:01:33 by "java_re" with MS VC++ 10.0 (VS2010)

time: Sat Dec 22 11:22:28 2018
elapsed time: 8 seconds (0d 0h 0m 8s)

