2018-12-25 08:59:38.104  INFO 6488 --- [main] com.admin.AdminApplication               : Starting AdminApplication on WIN-MFNRLAVRVCB with PID 6488 (E:\ideaWorkSpace\admin\target\classes started by Administrator in E:\ideaWorkSpace\admin)
2018-12-25 08:59:38.114  INFO 6488 --- [main] com.admin.AdminApplication               : The following profiles are active: dev
2018-12-25 08:59:43.094  INFO 6488 --- [main] .s.d.r.c.RepositoryConfigurationDelegate : Multiple Spring Data modules found, entering strict repository configuration mode!
2018-12-25 08:59:43.124  INFO 6488 --- [main] .s.d.r.c.RepositoryConfigurationDelegate : Bootstrapping Spring Data repositories in DEFAULT mode.
2018-12-25 08:59:43.444  INFO 6488 --- [main] .s.d.r.c.RepositoryConfigurationDelegate : Finished Spring Data repository scanning in 60ms. Found 0 repository interfaces.
2018-12-25 08:59:44.444  INFO 6488 --- [main] trationDelegate$BeanPostProcessorChecker : Bean 'com.alibaba.druid.spring.boot.autoconfigure.stat.DruidSpringAopConfiguration' of type [com.alibaba.druid.spring.boot.autoconfigure.stat.DruidSpringAopConfiguration] is not eligible for getting processed by all BeanPostProcessors (for example: not eligible for auto-proxying)
2018-12-25 08:59:44.474  INFO 6488 --- [main] trationDelegate$BeanPostProcessorChecker : Bean 'org.springframework.transaction.annotation.ProxyTransactionManagementConfiguration' of type [org.springframework.transaction.annotation.ProxyTransactionManagementConfiguration$$EnhancerBySpringCGLIB$$1431c27c] is not eligible for getting processed by all BeanPostProcessors (for example: not eligible for auto-proxying)
2018-12-25 08:59:44.504  INFO 6488 --- [main] trationDelegate$BeanPostProcessorChecker : Bean 'spring.datasource.druid-com.alibaba.druid.spring.boot.autoconfigure.properties.DruidStatProperties' of type [com.alibaba.druid.spring.boot.autoconfigure.properties.DruidStatProperties] is not eligible for getting processed by all BeanPostProcessors (for example: not eligible for auto-proxying)
2018-12-25 08:59:44.574  INFO 6488 --- [main] trationDelegate$BeanPostProcessorChecker : Bean 'advisor' of type [org.springframework.aop.support.RegexpMethodPointcutAdvisor] is not eligible for getting processed by all BeanPostProcessors (for example: not eligible for auto-proxying)
2018-12-25 08:59:45.974  INFO 6488 --- [main] o.s.b.w.embedded.tomcat.TomcatWebServer  : Tomcat initialized with port(s): 8080 (http)
2018-12-25 08:59:46.094  INFO 6488 --- [main] o.apache.catalina.core.StandardService   : Starting service [Tomcat]
2018-12-25 08:59:46.094  INFO 6488 --- [main] org.apache.catalina.core.StandardEngine  : Starting Servlet Engine: Apache Tomcat/9.0.13
2018-12-25 08:59:46.114  INFO 6488 --- [main] o.a.catalina.core.AprLifecycleListener   : The APR based Apache Tomcat Native library which allows optimal performance in production environments was not found on the java.library.path: [C:\Program Files\Java\jdk1.8.0_181\bin;C:\Windows\Sun\Java\bin;C:\Windows\system32;C:\Windows;C:\Program Files (x86)\Common Files\Oracle\Java\javapath;C:\Program Files\Java\jdk1.8.0_181\bin;C:\Program Files\MySQL\MySQL Server 5.5\bin；%CALTALINA_HOME%\bin;;CATALINA_HOME%\bin;E:\sdlihdroighdlghdf\MyEclipse 10\File\New\Web Project\tomcat\lib;D:\Maven\apache-maven-3.5.4\bin;C:\Program Files\TortoiseSVN\bin;D:\新建文件夹\;D:\G;t\cmd;D:\Git\cmd;C:\Program Files\erl7.1\bin;C:\Windows/system32;C:\Windows;D:\gradle\gradle-5.0\bin;C:\Users\Administrator\AppData\Roaming\npm;.]
2018-12-25 08:59:46.464  INFO 6488 --- [main] o.a.c.c.C.[Tomcat].[localhost].[/]       : Initializing Spring embedded WebApplicationContext
2018-12-25 08:59:46.464  INFO 6488 --- [main] o.s.web.context.ContextLoader            : Root WebApplicationContext: initialization completed in 7630 ms
2018-12-25 08:59:46.824  INFO 6488 --- [main] c.a.d.s.b.a.DruidDataSourceAutoConfigure : Init DruidDataSource
2018-12-25 08:59:47.314  INFO 6488 --- [main] com.alibaba.druid.pool.DruidDataSource   : {dataSource-1} inited
2018-12-25 08:59:49.284  INFO 6488 --- [main] o.s.s.concurrent.ThreadPoolTaskExecutor  : Initializing ExecutorService 'applicationTaskExecutor'
2018-12-25 08:59:51.194  INFO 6488 --- [main] d.s.w.p.DocumentationPluginsBootstrapper : Context refreshed
2018-12-25 08:59:51.254  INFO 6488 --- [main] d.s.w.p.DocumentationPluginsBootstrapper : Found 1 custom documentation plugin(s)
2018-12-25 08:59:51.274  INFO 6488 --- [main] s.d.s.w.s.ApiListingReferenceScanner     : Scanning for api listing references
2018-12-25 08:59:51.524  INFO 6488 --- [main] .d.s.w.r.o.CachingOperationNameGenerator : Generating unique operation named: delUsingGET_1
2018-12-25 08:59:51.534  INFO 6488 --- [main] .d.s.w.r.o.CachingOperationNameGenerator : Generating unique operation named: getallUsingGET_1
2018-12-25 08:59:51.534  INFO 6488 --- [main] .d.s.w.r.o.CachingOperationNameGenerator : Generating unique operation named: selectOneUsingGET_1
2018-12-25 08:59:51.544  INFO 6488 --- [main] .d.s.w.r.o.CachingOperationNameGenerator : Generating unique operation named: updateUsingPOST_1
2018-12-25 08:59:51.554  INFO 6488 --- [main] .d.s.w.r.o.CachingOperationNameGenerator : Generating unique operation named: getallUsingGET_2
2018-12-25 08:59:51.564  INFO 6488 --- [main] .d.s.w.r.o.CachingOperationNameGenerator : Generating unique operation named: insertUsingPOST_1
2018-12-25 08:59:51.564  INFO 6488 --- [main] .d.s.w.r.o.CachingOperationNameGenerator : Generating unique operation named: selectOneUsingGET_2
2018-12-25 08:59:51.574  INFO 6488 --- [main] .d.s.w.r.o.CachingOperationNameGenerator : Generating unique operation named: updateUsingPOST_2
2018-12-25 08:59:51.574  INFO 6488 --- [main] .d.s.w.r.o.CachingOperationNameGenerator : Generating unique operation named: delUsingGET_2
2018-12-25 08:59:51.574  INFO 6488 --- [main] .d.s.w.r.o.CachingOperationNameGenerator : Generating unique operation named: getallUsingGET_3
2018-12-25 08:59:51.584  INFO 6488 --- [main] .d.s.w.r.o.CachingOperationNameGenerator : Generating unique operation named: insertUsingPOST_2
2018-12-25 08:59:51.584  INFO 6488 --- [main] .d.s.w.r.o.CachingOperationNameGenerator : Generating unique operation named: selectOneUsingGET_3
2018-12-25 08:59:51.584  INFO 6488 --- [main] .d.s.w.r.o.CachingOperationNameGenerator : Generating unique operation named: selectOnebynameUsingGET_1
2018-12-25 08:59:51.594  INFO 6488 --- [main] .d.s.w.r.o.CachingOperationNameGenerator : Generating unique operation named: updateUsingPOST_3
2018-12-25 08:59:51.594  INFO 6488 --- [main] .d.s.w.r.o.CachingOperationNameGenerator : Generating unique operation named: delUsingGET_3
2018-12-25 08:59:51.594  INFO 6488 --- [main] .d.s.w.r.o.CachingOperationNameGenerator : Generating unique operation named: getallUsingGET_4
2018-12-25 08:59:51.604  INFO 6488 --- [main] .d.s.w.r.o.CachingOperationNameGenerator : Generating unique operation named: selectOneUsingGET_4
2018-12-25 08:59:51.614  INFO 6488 --- [main] .d.s.w.r.o.CachingOperationNameGenerator : Generating unique operation named: updateUsingPOST_4
2018-12-25 08:59:51.614  INFO 6488 --- [main] .d.s.w.r.o.CachingOperationNameGenerator : Generating unique operation named: delUsingGET_4
2018-12-25 08:59:51.614  INFO 6488 --- [main] .d.s.w.r.o.CachingOperationNameGenerator : Generating unique operation named: getallUsingGET_5
2018-12-25 08:59:51.624  INFO 6488 --- [main] .d.s.w.r.o.CachingOperationNameGenerator : Generating unique operation named: insertUsingPOST_3
2018-12-25 08:59:51.624  INFO 6488 --- [main] .d.s.w.r.o.CachingOperationNameGenerator : Generating unique operation named: selectOneUsingGET_5
2018-12-25 08:59:51.624  INFO 6488 --- [main] .d.s.w.r.o.CachingOperationNameGenerator : Generating unique operation named: selectOnebynameUsingGET_2
2018-12-25 08:59:51.634  INFO 6488 --- [main] .d.s.w.r.o.CachingOperationNameGenerator : Generating unique operation named: updateUsingPOST_5
2018-12-25 08:59:51.634  INFO 6488 --- [main] .d.s.w.r.o.CachingOperationNameGenerator : Generating unique operation named: delUsingGET_5
2018-12-25 08:59:51.634  INFO 6488 --- [main] .d.s.w.r.o.CachingOperationNameGenerator : Generating unique operation named: getallUsingGET_6
2018-12-25 08:59:51.644  INFO 6488 --- [main] .d.s.w.r.o.CachingOperationNameGenerator : Generating unique operation named: insertUsingPOST_4
2018-12-25 08:59:51.644  INFO 6488 --- [main] .d.s.w.r.o.CachingOperationNameGenerator : Generating unique operation named: selectOneUsingGET_6
2018-12-25 08:59:51.644  INFO 6488 --- [main] .d.s.w.r.o.CachingOperationNameGenerator : Generating unique operation named: selectOnebynameUsingGET_3
2018-12-25 08:59:51.654  INFO 6488 --- [main] .d.s.w.r.o.CachingOperationNameGenerator : Generating unique operation named: updateUsingPOST_6
2018-12-25 08:59:51.664  INFO 6488 --- [main] .d.s.w.r.o.CachingOperationNameGenerator : Generating unique operation named: delUsingPOST_1
2018-12-25 08:59:51.674  INFO 6488 --- [main] .d.s.w.r.o.CachingOperationNameGenerator : Generating unique operation named: selectOneUsingGET_7
2018-12-25 08:59:51.674  INFO 6488 --- [main] .d.s.w.r.o.CachingOperationNameGenerator : Generating unique operation named: updateUsingPOST_7
2018-12-25 08:59:51.694  INFO 6488 --- [main] .d.s.w.r.o.CachingOperationNameGenerator : Generating unique operation named: getaddUsingPOST_1
2018-12-25 08:59:51.694  INFO 6488 --- [main] .d.s.w.r.o.CachingOperationNameGenerator : Generating unique operation named: getaddUsingPOST_2
2018-12-25 08:59:51.704  INFO 6488 --- [main] .d.s.w.r.o.CachingOperationNameGenerator : Generating unique operation named: getaddUsingPOST_3
2018-12-25 08:59:51.704  INFO 6488 --- [main] .d.s.w.r.o.CachingOperationNameGenerator : Generating unique operation named: getaddUsingPOST_4
2018-12-25 08:59:51.704  INFO 6488 --- [main] .d.s.w.r.o.CachingOperationNameGenerator : Generating unique operation named: getaddUsingPOST_5
2018-12-25 08:59:51.704  INFO 6488 --- [main] .d.s.w.r.o.CachingOperationNameGenerator : Generating unique operation named: getaddUsingPOST_6
2018-12-25 08:59:51.704  INFO 6488 --- [main] .d.s.w.r.o.CachingOperationNameGenerator : Generating unique operation named: getaddUsingPOST_7
2018-12-25 08:59:51.714  INFO 6488 --- [main] .d.s.w.r.o.CachingOperationNameGenerator : Generating unique operation named: getuserUsingPOST_1
2018-12-25 08:59:51.714  INFO 6488 --- [main] .d.s.w.r.o.CachingOperationNameGenerator : Generating unique operation named: getuserUsingPOST_2
2018-12-25 08:59:51.714  INFO 6488 --- [main] .d.s.w.r.o.CachingOperationNameGenerator : Generating unique operation named: getuserUsingPOST_3
2018-12-25 08:59:51.714  INFO 6488 --- [main] .d.s.w.r.o.CachingOperationNameGenerator : Generating unique operation named: getuserUsingPOST_4
2018-12-25 08:59:51.714  INFO 6488 --- [main] .d.s.w.r.o.CachingOperationNameGenerator : Generating unique operation named: getuserUsingPOST_5
2018-12-25 08:59:51.714  INFO 6488 --- [main] .d.s.w.r.o.CachingOperationNameGenerator : Generating unique operation named: getuserUsingPOST_6
2018-12-25 08:59:51.714  INFO 6488 --- [main] .d.s.w.r.o.CachingOperationNameGenerator : Generating unique operation named: getuserUsingPOST_7
2018-12-25 08:59:51.724  INFO 6488 --- [main] .d.s.w.r.o.CachingOperationNameGenerator : Generating unique operation named: updateUsingPOST_8
2018-12-25 08:59:51.884  INFO 6488 --- [main] o.s.b.w.embedded.tomcat.TomcatWebServer  : Tomcat started on port(s): 8080 (http) with context path ''
2018-12-25 08:59:51.884  INFO 6488 --- [main] com.admin.AdminApplication               : Started AdminApplication in 16.23 seconds (JVM running for 20.76)
2018-12-25 09:01:36.620  INFO 6488 --- [http-nio-8080-exec-2] o.a.c.c.C.[Tomcat].[localhost].[/]       : Initializing Spring DispatcherServlet 'dispatcherServlet'
2018-12-25 09:01:36.621  INFO 6488 --- [http-nio-8080-exec-2] o.s.web.servlet.DispatcherServlet        : Initializing Servlet 'dispatcherServlet'
2018-12-25 09:01:36.653  INFO 6488 --- [http-nio-8080-exec-2] o.s.web.servlet.DispatcherServlet        : Completed initialization in 32 ms
2018-12-25 09:02:05.368  WARN 6488 --- [http-nio-8080-exec-7] .w.s.m.s.DefaultHandlerExceptionResolver : Resolved [org.springframework.web.bind.MissingServletRequestParameterException: Required int parameter 'adminid' is not present]
2018-12-25 09:02:44.089  WARN 6488 --- [http-nio-8080-exec-8] .w.s.m.s.DefaultHandlerExceptionResolver : Resolved [org.springframework.web.bind.MissingServletRequestParameterException: Required int parameter 'adminid' is not present]
2018-12-25 09:02:51.870  WARN 6488 --- [http-nio-8080-exec-4] .w.s.m.s.DefaultHandlerExceptionResolver : Resolved [org.springframework.web.bind.MissingServletRequestParameterException: Required int parameter 'adminid' is not present]
2018-12-25 09:07:26.319  INFO 6756 --- [main] com.admin.AdminApplication               : Starting AdminApplication on WIN-MFNRLAVRVCB with PID 6756 (E:\ideaWorkSpace\admin\target\classes started by Administrator in E:\ideaWorkSpace\admin)
2018-12-25 09:07:26.402  INFO 6756 --- [main] com.admin.AdminApplication               : The following profiles are active: dev
2018-12-25 09:07:30.135  INFO 6756 --- [main] .s.d.r.c.RepositoryConfigurationDelegate : Multiple Spring Data modules found, entering strict repository configuration mode!
2018-12-25 09:07:30.138  INFO 6756 --- [main] .s.d.r.c.RepositoryConfigurationDelegate : Bootstrapping Spring Data repositories in DEFAULT mode.
2018-12-25 09:07:30.171  INFO 6756 --- [main] .s.d.r.c.RepositoryConfigurationDelegate : Finished Spring Data repository scanning in 20ms. Found 0 repository interfaces.
2018-12-25 09:07:30.517  INFO 6756 --- [main] trationDelegate$BeanPostProcessorChecker : Bean 'com.alibaba.druid.spring.boot.autoconfigure.stat.DruidSpringAopConfiguration' of type [com.alibaba.druid.spring.boot.autoconfigure.stat.DruidSpringAopConfiguration] is not eligible for getting processed by all BeanPostProcessors (for example: not eligible for auto-proxying)
2018-12-25 09:07:30.550  INFO 6756 --- [main] trationDelegate$BeanPostProcessorChecker : Bean 'org.springframework.transaction.annotation.ProxyTransactionManagementConfiguration' of type [org.springframework.transaction.annotation.ProxyTransactionManagementConfiguration$$EnhancerBySpringCGLIB$$527e9e73] is not eligible for getting processed by all BeanPostProcessors (for example: not eligible for auto-proxying)
2018-12-25 09:07:30.575  INFO 6756 --- [main] trationDelegate$BeanPostProcessorChecker : Bean 'spring.datasource.druid-com.alibaba.druid.spring.boot.autoconfigure.properties.DruidStatProperties' of type [com.alibaba.druid.spring.boot.autoconfigure.properties.DruidStatProperties] is not eligible for getting processed by all BeanPostProcessors (for example: not eligible for auto-proxying)
2018-12-25 09:07:30.581  INFO 6756 --- [main] trationDelegate$BeanPostProcessorChecker : Bean 'advisor' of type [org.springframework.aop.support.RegexpMethodPointcutAdvisor] is not eligible for getting processed by all BeanPostProcessors (for example: not eligible for auto-proxying)
2018-12-25 09:07:32.011  INFO 6756 --- [main] o.s.b.w.embedded.tomcat.TomcatWebServer  : Tomcat initialized with port(s): 8080 (http)
2018-12-25 09:07:32.097  INFO 6756 --- [main] o.apache.catalina.core.StandardService   : Starting service [Tomcat]
2018-12-25 09:07:32.098  INFO 6756 --- [main] org.apache.catalina.core.StandardEngine  : Starting Servlet Engine: Apache Tomcat/9.0.13
2018-12-25 09:07:32.123  INFO 6756 --- [main] o.a.catalina.core.AprLifecycleListener   : The APR based Apache Tomcat Native library which allows optimal performance in production environments was not found on the java.library.path: [C:\Program Files\Java\jdk1.8.0_181\bin;C:\Windows\Sun\Java\bin;C:\Windows\system32;C:\Windows;C:\Program Files (x86)\Common Files\Oracle\Java\javapath;C:\Program Files\Java\jdk1.8.0_181\bin;C:\Program Files\MySQL\MySQL Server 5.5\bin；%CALTALINA_HOME%\bin;;CATALINA_HOME%\bin;E:\sdlihdroighdlghdf\MyEclipse 10\File\New\Web Project\tomcat\lib;D:\Maven\apache-maven-3.5.4\bin;C:\Program Files\TortoiseSVN\bin;D:\新建文件夹\;D:\G;t\cmd;D:\Git\cmd;C:\Program Files\erl7.1\bin;C:\Windows/system32;C:\Windows;D:\gradle\gradle-5.0\bin;C:\Users\Administrator\AppData\Roaming\npm;.]
2018-12-25 09:07:32.336  INFO 6756 --- [main] o.a.c.c.C.[Tomcat].[localhost].[/]       : Initializing Spring embedded WebApplicationContext
2018-12-25 09:07:32.337  INFO 6756 --- [main] o.s.web.context.ContextLoader            : Root WebApplicationContext: initialization completed in 5859 ms
2018-12-25 09:07:32.495  INFO 6756 --- [main] c.a.d.s.b.a.DruidDataSourceAutoConfigure : Init DruidDataSource
2018-12-25 09:07:32.959  INFO 6756 --- [main] com.alibaba.druid.pool.DruidDataSource   : {dataSource-1} inited
2018-12-25 09:07:34.374  INFO 6756 --- [main] o.s.s.concurrent.ThreadPoolTaskExecutor  : Initializing ExecutorService 'applicationTaskExecutor'
2018-12-25 09:07:35.567  INFO 6756 --- [main] d.s.w.p.DocumentationPluginsBootstrapper : Context refreshed
2018-12-25 09:07:35.815  INFO 6756 --- [main] d.s.w.p.DocumentationPluginsBootstrapper : Found 1 custom documentation plugin(s)
2018-12-25 09:07:35.829  INFO 6756 --- [main] s.d.s.w.s.ApiListingReferenceScanner     : Scanning for api listing references
2018-12-25 09:07:36.294  INFO 6756 --- [main] .d.s.w.r.o.CachingOperationNameGenerator : Generating unique operation named: delUsingGET_1
2018-12-25 09:07:36.299  INFO 6756 --- [main] .d.s.w.r.o.CachingOperationNameGenerator : Generating unique operation named: getallUsingGET_1
2018-12-25 09:07:36.310  INFO 6756 --- [main] .d.s.w.r.o.CachingOperationNameGenerator : Generating unique operation named: selectOneUsingGET_1
2018-12-25 09:07:36.319  INFO 6756 --- [main] .d.s.w.r.o.CachingOperationNameGenerator : Generating unique operation named: updateUsingPOST_1
2018-12-25 09:07:36.334  INFO 6756 --- [main] .d.s.w.r.o.CachingOperationNameGenerator : Generating unique operation named: getallUsingGET_2
2018-12-25 09:07:36.340  INFO 6756 --- [main] .d.s.w.r.o.CachingOperationNameGenerator : Generating unique operation named: insertUsingPOST_1
2018-12-25 09:07:36.346  INFO 6756 --- [main] .d.s.w.r.o.CachingOperationNameGenerator : Generating unique operation named: selectOneUsingGET_2
2018-12-25 09:07:36.351  INFO 6756 --- [main] .d.s.w.r.o.CachingOperationNameGenerator : Generating unique operation named: updateUsingPOST_2
2018-12-25 09:07:36.356  INFO 6756 --- [main] .d.s.w.r.o.CachingOperationNameGenerator : Generating unique operation named: delUsingGET_2
2018-12-25 09:07:36.361  INFO 6756 --- [main] .d.s.w.r.o.CachingOperationNameGenerator : Generating unique operation named: getallUsingGET_3
2018-12-25 09:07:36.366  INFO 6756 --- [main] .d.s.w.r.o.CachingOperationNameGenerator : Generating unique operation named: insertUsingPOST_2
2018-12-25 09:07:36.370  INFO 6756 --- [main] .d.s.w.r.o.CachingOperationNameGenerator : Generating unique operation named: selectOneUsingGET_3
2018-12-25 09:07:36.373  INFO 6756 --- [main] .d.s.w.r.o.CachingOperationNameGenerator : Generating unique operation named: selectOnebynameUsingGET_1
2018-12-25 09:07:36.376  INFO 6756 --- [main] .d.s.w.r.o.CachingOperationNameGenerator : Generating unique operation named: updateUsingPOST_3
2018-12-25 09:07:36.381  INFO 6756 --- [main] .d.s.w.r.o.CachingOperationNameGenerator : Generating unique operation named: delUsingGET_3
2018-12-25 09:07:36.386  INFO 6756 --- [main] .d.s.w.r.o.CachingOperationNameGenerator : Generating unique operation named: getallUsingGET_4
2018-12-25 09:07:36.393  INFO 6756 --- [main] .d.s.w.r.o.CachingOperationNameGenerator : Generating unique operation named: selectOneUsingGET_4
2018-12-25 09:07:36.401  INFO 6756 --- [main] .d.s.w.r.o.CachingOperationNameGenerator : Generating unique operation named: updateUsingPOST_4
2018-12-25 09:07:36.406  INFO 6756 --- [main] .d.s.w.r.o.CachingOperationNameGenerator : Generating unique operation named: delUsingGET_4
2018-12-25 09:07:36.411  INFO 6756 --- [main] .d.s.w.r.o.CachingOperationNameGenerator : Generating unique operation named: getallUsingGET_5
2018-12-25 09:07:36.417  INFO 6756 --- [main] .d.s.w.r.o.CachingOperationNameGenerator : Generating unique operation named: insertUsingPOST_3
2018-12-25 09:07:36.421  INFO 6756 --- [main] .d.s.w.r.o.CachingOperationNameGenerator : Generating unique operation named: selectOneUsingGET_5
2018-12-25 09:07:36.425  INFO 6756 --- [main] .d.s.w.r.o.CachingOperationNameGenerator : Generating unique operation named: selectOnebynameUsingGET_2
2018-12-25 09:07:36.429  INFO 6756 --- [main] .d.s.w.r.o.CachingOperationNameGenerator : Generating unique operation named: updateUsingPOST_5
2018-12-25 09:07:36.433  INFO 6756 --- [main] .d.s.w.r.o.CachingOperationNameGenerator : Generating unique operation named: delUsingGET_5
2018-12-25 09:07:36.436  INFO 6756 --- [main] .d.s.w.r.o.CachingOperationNameGenerator : Generating unique operation named: getallUsingGET_6
2018-12-25 09:07:36.440  INFO 6756 --- [main] .d.s.w.r.o.CachingOperationNameGenerator : Generating unique operation named: insertUsingPOST_4
2018-12-25 09:07:36.443  INFO 6756 --- [main] .d.s.w.r.o.CachingOperationNameGenerator : Generating unique operation named: selectOneUsingGET_6
2018-12-25 09:07:36.446  INFO 6756 --- [main] .d.s.w.r.o.CachingOperationNameGenerator : Generating unique operation named: selectOnebynameUsingGET_3
2018-12-25 09:07:36.462  INFO 6756 --- [main] .d.s.w.r.o.CachingOperationNameGenerator : Generating unique operation named: updateUsingPOST_6
2018-12-25 09:07:36.465  INFO 6756 --- [main] .d.s.w.r.o.CachingOperationNameGenerator : Generating unique operation named: delUsingPOST_1
2018-12-25 09:07:36.476  INFO 6756 --- [main] .d.s.w.r.o.CachingOperationNameGenerator : Generating unique operation named: selectOneUsingGET_7
2018-12-25 09:07:36.479  INFO 6756 --- [main] .d.s.w.r.o.CachingOperationNameGenerator : Generating unique operation named: updateUsingPOST_7
2018-12-25 09:07:36.517  INFO 6756 --- [main] .d.s.w.r.o.CachingOperationNameGenerator : Generating unique operation named: getaddUsingPOST_1
2018-12-25 09:07:36.519  INFO 6756 --- [main] .d.s.w.r.o.CachingOperationNameGenerator : Generating unique operation named: getaddUsingPOST_2
2018-12-25 09:07:36.522  INFO 6756 --- [main] .d.s.w.r.o.CachingOperationNameGenerator : Generating unique operation named: getaddUsingPOST_3
2018-12-25 09:07:36.525  INFO 6756 --- [main] .d.s.w.r.o.CachingOperationNameGenerator : Generating unique operation named: getaddUsingPOST_4
2018-12-25 09:07:36.527  INFO 6756 --- [main] .d.s.w.r.o.CachingOperationNameGenerator : Generating unique operation named: getaddUsingPOST_5
2018-12-25 09:07:36.530  INFO 6756 --- [main] .d.s.w.r.o.CachingOperationNameGenerator : Generating unique operation named: getaddUsingPOST_6
2018-12-25 09:07:36.532  INFO 6756 --- [main] .d.s.w.r.o.CachingOperationNameGenerator : Generating unique operation named: getaddUsingPOST_7
2018-12-25 09:07:36.540  INFO 6756 --- [main] .d.s.w.r.o.CachingOperationNameGenerator : Generating unique operation named: getuserUsingPOST_1
2018-12-25 09:07:36.542  INFO 6756 --- [main] .d.s.w.r.o.CachingOperationNameGenerator : Generating unique operation named: getuserUsingPOST_2
2018-12-25 09:07:36.545  INFO 6756 --- [main] .d.s.w.r.o.CachingOperationNameGenerator : Generating unique operation named: getuserUsingPOST_3
2018-12-25 09:07:36.549  INFO 6756 --- [main] .d.s.w.r.o.CachingOperationNameGenerator : Generating unique operation named: getuserUsingPOST_4
2018-12-25 09:07:36.552  INFO 6756 --- [main] .d.s.w.r.o.CachingOperationNameGenerator : Generating unique operation named: getuserUsingPOST_5
2018-12-25 09:07:36.597  INFO 6756 --- [main] .d.s.w.r.o.CachingOperationNameGenerator : Generating unique operation named: getuserUsingPOST_6
2018-12-25 09:07:36.599  INFO 6756 --- [main] .d.s.w.r.o.CachingOperationNameGenerator : Generating unique operation named: getuserUsingPOST_7
2018-12-25 09:07:36.615  INFO 6756 --- [main] .d.s.w.r.o.CachingOperationNameGenerator : Generating unique operation named: updateUsingPOST_8
2018-12-25 09:07:37.182  INFO 6756 --- [main] o.s.b.w.embedded.tomcat.TomcatWebServer  : Tomcat started on port(s): 8080 (http) with context path ''
2018-12-25 09:07:37.186  INFO 6756 --- [main] com.admin.AdminApplication               : Started AdminApplication in 12.68 seconds (JVM running for 17.945)
2018-12-25 09:08:00.926  INFO 6756 --- [http-nio-8080-exec-1] o.a.c.c.C.[Tomcat].[localhost].[/]       : Initializing Spring DispatcherServlet 'dispatcherServlet'
2018-12-25 09:08:00.927  INFO 6756 --- [http-nio-8080-exec-1] o.s.web.servlet.DispatcherServlet        : Initializing Servlet 'dispatcherServlet'
2018-12-25 09:08:00.943  INFO 6756 --- [http-nio-8080-exec-1] o.s.web.servlet.DispatcherServlet        : Completed initialization in 16 ms
2018-12-25 09:08:10.713  WARN 6756 --- [http-nio-8080-exec-9] .w.s.m.s.DefaultHandlerExceptionResolver : Resolved [org.springframework.web.bind.MissingServletRequestParameterException: Required int parameter 'adminid' is not present]
2018-12-25 09:15:42.501  INFO 7308 --- [main] com.admin.AdminApplication               : Starting AdminApplication on WIN-MFNRLAVRVCB with PID 7308 (E:\ideaWorkSpace\admin\target\classes started by Administrator in E:\ideaWorkSpace\admin)
2018-12-25 09:15:42.505  INFO 7308 --- [main] com.admin.AdminApplication               : The following profiles are active: dev
2018-12-25 09:15:44.488  INFO 7308 --- [main] .s.d.r.c.RepositoryConfigurationDelegate : Multiple Spring Data modules found, entering strict repository configuration mode!
2018-12-25 09:15:44.491  INFO 7308 --- [main] .s.d.r.c.RepositoryConfigurationDelegate : Bootstrapping Spring Data repositories in DEFAULT mode.
2018-12-25 09:15:44.528  INFO 7308 --- [main] .s.d.r.c.RepositoryConfigurationDelegate : Finished Spring Data repository scanning in 19ms. Found 0 repository interfaces.
2018-12-25 09:15:44.893  INFO 7308 --- [main] trationDelegate$BeanPostProcessorChecker : Bean 'com.alibaba.druid.spring.boot.autoconfigure.stat.DruidSpringAopConfiguration' of type [com.alibaba.druid.spring.boot.autoconfigure.stat.DruidSpringAopConfiguration] is not eligible for getting processed by all BeanPostProcessors (for example: not eligible for auto-proxying)
2018-12-25 09:15:44.923  INFO 7308 --- [main] trationDelegate$BeanPostProcessorChecker : Bean 'org.springframework.transaction.annotation.ProxyTransactionManagementConfiguration' of type [org.springframework.transaction.annotation.ProxyTransactionManagementConfiguration$$EnhancerBySpringCGLIB$$81f7e25a] is not eligible for getting processed by all BeanPostProcessors (for example: not eligible for auto-proxying)
2018-12-25 09:15:44.948  INFO 7308 --- [main] trationDelegate$BeanPostProcessorChecker : Bean 'spring.datasource.druid-com.alibaba.druid.spring.boot.autoconfigure.properties.DruidStatProperties' of type [com.alibaba.druid.spring.boot.autoconfigure.properties.DruidStatProperties] is not eligible for getting processed by all BeanPostProcessors (for example: not eligible for auto-proxying)
2018-12-25 09:15:44.953  INFO 7308 --- [main] trationDelegate$BeanPostProcessorChecker : Bean 'advisor' of type [org.springframework.aop.support.RegexpMethodPointcutAdvisor] is not eligible for getting processed by all BeanPostProcessors (for example: not eligible for auto-proxying)
2018-12-25 09:15:45.256  INFO 7308 --- [main] o.s.b.w.embedded.tomcat.TomcatWebServer  : Tomcat initialized with port(s): 8080 (http)
2018-12-25 09:15:45.279  INFO 7308 --- [main] o.apache.catalina.core.StandardService   : Starting service [Tomcat]
2018-12-25 09:15:45.280  INFO 7308 --- [main] org.apache.catalina.core.StandardEngine  : Starting Servlet Engine: Apache Tomcat/9.0.13
2018-12-25 09:15:45.289  INFO 7308 --- [main] o.a.catalina.core.AprLifecycleListener   : The APR based Apache Tomcat Native library which allows optimal performance in production environments was not found on the java.library.path: [C:\Program Files\Java\jdk1.8.0_181\bin;C:\Windows\Sun\Java\bin;C:\Windows\system32;C:\Windows;C:\Program Files (x86)\Common Files\Oracle\Java\javapath;C:\Program Files\Java\jdk1.8.0_181\bin;C:\Program Files\MySQL\MySQL Server 5.5\bin；%CALTALINA_HOME%\bin;;CATALINA_HOME%\bin;E:\sdlihdroighdlghdf\MyEclipse 10\File\New\Web Project\tomcat\lib;D:\Maven\apache-maven-3.5.4\bin;C:\Program Files\TortoiseSVN\bin;D:\新建文件夹\;D:\G;t\cmd;D:\Git\cmd;C:\Program Files\erl7.1\bin;C:\Windows/system32;C:\Windows;D:\gradle\gradle-5.0\bin;C:\Users\Administrator\AppData\Roaming\npm;.]
2018-12-25 09:15:45.456  INFO 7308 --- [main] o.a.c.c.C.[Tomcat].[localhost].[/]       : Initializing Spring embedded WebApplicationContext
2018-12-25 09:15:45.456  INFO 7308 --- [main] o.s.web.context.ContextLoader            : Root WebApplicationContext: initialization completed in 2864 ms
2018-12-25 09:15:45.603  INFO 7308 --- [main] c.a.d.s.b.a.DruidDataSourceAutoConfigure : Init DruidDataSource
2018-12-25 09:15:45.891  INFO 7308 --- [main] com.alibaba.druid.pool.DruidDataSource   : {dataSource-1} inited
2018-12-25 09:15:46.721  INFO 7308 --- [main] o.s.s.concurrent.ThreadPoolTaskExecutor  : Initializing ExecutorService 'applicationTaskExecutor'
2018-12-25 09:15:47.220  INFO 7308 --- [main] d.s.w.p.DocumentationPluginsBootstrapper : Context refreshed
2018-12-25 09:15:47.238  INFO 7308 --- [main] d.s.w.p.DocumentationPluginsBootstrapper : Found 1 custom documentation plugin(s)
2018-12-25 09:15:47.252  INFO 7308 --- [main] s.d.s.w.s.ApiListingReferenceScanner     : Scanning for api listing references
2018-12-25 09:15:47.407  INFO 7308 --- [main] .d.s.w.r.o.CachingOperationNameGenerator : Generating unique operation named: delUsingGET_1
2018-12-25 09:15:47.412  INFO 7308 --- [main] .d.s.w.r.o.CachingOperationNameGenerator : Generating unique operation named: getallUsingGET_1
2018-12-25 09:15:47.418  INFO 7308 --- [main] .d.s.w.r.o.CachingOperationNameGenerator : Generating unique operation named: insertUsingPOST_1
2018-12-25 09:15:47.428  INFO 7308 --- [main] .d.s.w.r.o.CachingOperationNameGenerator : Generating unique operation named: selectOneUsingGET_1
2018-12-25 09:15:47.435  INFO 7308 --- [main] .d.s.w.r.o.CachingOperationNameGenerator : Generating unique operation named: updateUsingPOST_1
2018-12-25 09:15:47.448  INFO 7308 --- [main] .d.s.w.r.o.CachingOperationNameGenerator : Generating unique operation named: getallUsingGET_2
2018-12-25 09:15:47.453  INFO 7308 --- [main] .d.s.w.r.o.CachingOperationNameGenerator : Generating unique operation named: insertUsingPOST_2
2018-12-25 09:15:47.457  INFO 7308 --- [main] .d.s.w.r.o.CachingOperationNameGenerator : Generating unique operation named: selectOneUsingGET_2
2018-12-25 09:15:47.462  INFO 7308 --- [main] .d.s.w.r.o.CachingOperationNameGenerator : Generating unique operation named: updateUsingPOST_2
2018-12-25 09:15:47.467  INFO 7308 --- [main] .d.s.w.r.o.CachingOperationNameGenerator : Generating unique operation named: delUsingGET_2
2018-12-25 09:15:47.472  INFO 7308 --- [main] .d.s.w.r.o.CachingOperationNameGenerator : Generating unique operation named: getallUsingGET_3
2018-12-25 09:15:47.479  INFO 7308 --- [main] .d.s.w.r.o.CachingOperationNameGenerator : Generating unique operation named: insertUsingPOST_3
2018-12-25 09:15:47.482  INFO 7308 --- [main] .d.s.w.r.o.CachingOperationNameGenerator : Generating unique operation named: selectOneUsingGET_3
2018-12-25 09:15:47.485  INFO 7308 --- [main] .d.s.w.r.o.CachingOperationNameGenerator : Generating unique operation named: selectOnebynameUsingGET_1
2018-12-25 09:15:47.489  INFO 7308 --- [main] .d.s.w.r.o.CachingOperationNameGenerator : Generating unique operation named: updateUsingPOST_3
2018-12-25 09:15:47.494  INFO 7308 --- [main] .d.s.w.r.o.CachingOperationNameGenerator : Generating unique operation named: delUsingGET_3
2018-12-25 09:15:47.497  INFO 7308 --- [main] .d.s.w.r.o.CachingOperationNameGenerator : Generating unique operation named: getallUsingGET_4
2018-12-25 09:15:47.504  INFO 7308 --- [main] .d.s.w.r.o.CachingOperationNameGenerator : Generating unique operation named: selectOneUsingGET_4
2018-12-25 09:15:47.511  INFO 7308 --- [main] .d.s.w.r.o.CachingOperationNameGenerator : Generating unique operation named: updateUsingPOST_4
2018-12-25 09:15:47.516  INFO 7308 --- [main] .d.s.w.r.o.CachingOperationNameGenerator : Generating unique operation named: delUsingGET_4
2018-12-25 09:15:47.519  INFO 7308 --- [main] .d.s.w.r.o.CachingOperationNameGenerator : Generating unique operation named: getallUsingGET_5
2018-12-25 09:15:47.523  INFO 7308 --- [main] .d.s.w.r.o.CachingOperationNameGenerator : Generating unique operation named: insertUsingPOST_4
2018-12-25 09:15:47.527  INFO 7308 --- [main] .d.s.w.r.o.CachingOperationNameGenerator : Generating unique operation named: selectOneUsingGET_5
2018-12-25 09:15:47.530  INFO 7308 --- [main] .d.s.w.r.o.CachingOperationNameGenerator : Generating unique operation named: selectOnebynameUsingGET_2
2018-12-25 09:15:47.532  INFO 7308 --- [main] .d.s.w.r.o.CachingOperationNameGenerator : Generating unique operation named: updateUsingPOST_5
2018-12-25 09:15:47.536  INFO 7308 --- [main] .d.s.w.r.o.CachingOperationNameGenerator : Generating unique operation named: delUsingGET_5
2018-12-25 09:15:47.539  INFO 7308 --- [main] .d.s.w.r.o.CachingOperationNameGenerator : Generating unique operation named: getallUsingGET_6
2018-12-25 09:15:47.543  INFO 7308 --- [main] .d.s.w.r.o.CachingOperationNameGenerator : Generating unique operation named: insertUsingPOST_5
2018-12-25 09:15:47.545  INFO 7308 --- [main] .d.s.w.r.o.CachingOperationNameGenerator : Generating unique operation named: selectOneUsingGET_6
2018-12-25 09:15:47.547  INFO 7308 --- [main] .d.s.w.r.o.CachingOperationNameGenerator : Generating unique operation named: selectOnebynameUsingGET_3
2018-12-25 09:15:47.558  INFO 7308 --- [main] .d.s.w.r.o.CachingOperationNameGenerator : Generating unique operation named: updateUsingPOST_6
2018-12-25 09:15:47.560  INFO 7308 --- [main] .d.s.w.r.o.CachingOperationNameGenerator : Generating unique operation named: delUsingPOST_1
2018-12-25 09:15:47.570  INFO 7308 --- [main] .d.s.w.r.o.CachingOperationNameGenerator : Generating unique operation named: selectOneUsingGET_7
2018-12-25 09:15:47.572  INFO 7308 --- [main] .d.s.w.r.o.CachingOperationNameGenerator : Generating unique operation named: updateUsingPOST_7
2018-12-25 09:15:47.600  INFO 7308 --- [main] .d.s.w.r.o.CachingOperationNameGenerator : Generating unique operation named: getaddUsingPOST_1
2018-12-25 09:15:47.601  INFO 7308 --- [main] .d.s.w.r.o.CachingOperationNameGenerator : Generating unique operation named: getaddUsingPOST_2
2018-12-25 09:15:47.603  INFO 7308 --- [main] .d.s.w.r.o.CachingOperationNameGenerator : Generating unique operation named: getaddUsingPOST_3
2018-12-25 09:15:47.604  INFO 7308 --- [main] .d.s.w.r.o.CachingOperationNameGenerator : Generating unique operation named: getaddUsingPOST_4
2018-12-25 09:15:47.606  INFO 7308 --- [main] .d.s.w.r.o.CachingOperationNameGenerator : Generating unique operation named: getaddUsingPOST_5
2018-12-25 09:15:47.607  INFO 7308 --- [main] .d.s.w.r.o.CachingOperationNameGenerator : Generating unique operation named: getaddUsingPOST_6
2018-12-25 09:15:47.609  INFO 7308 --- [main] .d.s.w.r.o.CachingOperationNameGenerator : Generating unique operation named: getaddUsingPOST_7
2018-12-25 09:15:47.613  INFO 7308 --- [main] .d.s.w.r.o.CachingOperationNameGenerator : Generating unique operation named: getuserUsingPOST_1
2018-12-25 09:15:47.614  INFO 7308 --- [main] .d.s.w.r.o.CachingOperationNameGenerator : Generating unique operation named: getuserUsingPOST_2
2018-12-25 09:15:47.616  INFO 7308 --- [main] .d.s.w.r.o.CachingOperationNameGenerator : Generating unique operation named: getuserUsingPOST_3
2018-12-25 09:15:47.618  INFO 7308 --- [main] .d.s.w.r.o.CachingOperationNameGenerator : Generating unique operation named: getuserUsingPOST_4
2018-12-25 09:15:47.619  INFO 7308 --- [main] .d.s.w.r.o.CachingOperationNameGenerator : Generating unique operation named: getuserUsingPOST_5
2018-12-25 09:15:47.621  INFO 7308 --- [main] .d.s.w.r.o.CachingOperationNameGenerator : Generating unique operation named: getuserUsingPOST_6
2018-12-25 09:15:47.623  INFO 7308 --- [main] .d.s.w.r.o.CachingOperationNameGenerator : Generating unique operation named: getuserUsingPOST_7
2018-12-25 09:15:47.638  INFO 7308 --- [main] .d.s.w.r.o.CachingOperationNameGenerator : Generating unique operation named: updateUsingPOST_8
2018-12-25 09:15:47.720  INFO 7308 --- [main] o.s.b.w.embedded.tomcat.TomcatWebServer  : Tomcat started on port(s): 8080 (http) with context path ''
2018-12-25 09:15:47.725  INFO 7308 --- [main] com.admin.AdminApplication               : Started AdminApplication in 5.933 seconds (JVM running for 7.133)
2018-12-25 09:15:51.995  INFO 7308 --- [http-nio-8080-exec-1] o.a.c.c.C.[Tomcat].[localhost].[/]       : Initializing Spring DispatcherServlet 'dispatcherServlet'
2018-12-25 09:15:51.996  INFO 7308 --- [http-nio-8080-exec-1] o.s.web.servlet.DispatcherServlet        : Initializing Servlet 'dispatcherServlet'
2018-12-25 09:15:52.005  INFO 7308 --- [http-nio-8080-exec-1] o.s.web.servlet.DispatcherServlet        : Completed initialization in 9 ms
